<?xml version="1.0" encoding="UTF-8"?>
<!-- Generated by org.testng.reporters.JUnitXMLReporter -->
<testsuite hostname="DESKTOP-UTV866C" ignored="0" name="ChromeBrowserTest" tests="2" failures="0" timestamp="2022-05-28T17:31:31 IST" time="35.247" errors="0">
  <testcase name="loginFunctionality" time="0.174" classname="com.SauceDemo.TestClasses.TC01LoginFunctionality"/>
  <testcase name="checkProductIsSelected" time="1.077" classname="com.SauceDemo.TestClasses.TC02CheckProductIsSelectOrNot"/>
</testsuite> <!-- ChromeBrowserTest -->
