<?xml version="1.0" encoding="UTF-8"?>
<!-- Generated by org.testng.reporters.JUnitXMLReporter -->
<testsuite hostname="DESKTOP-UTV866C" ignored="0" name="Test" tests="4" failures="0" timestamp="2022-05-27T16:00:28 IST" time="29.627" errors="0">
  <testcase name="loginFunctionality" time="0.156" classname="com.SauceDemo.TestClasses.TC01LoginFunctionality"/>
  <testcase name="checkProductIsSelected" time="0.545" classname="com.SauceDemo.TestClasses.TC02CheckProductIsSelectOrNot"/>
  <testcase name="productAddedToCart" time="0.453" classname="com.SauceDemo.TestClasses.TC03ProductAddedToCartOrNot"/>
  <testcase name="checkProductBuyOrNot" time="0.943" classname="com.SauceDemo.TestClasses.TC04CheckProductIsBuyOrNot"/>
</testsuite> <!-- Test -->
