<?xml version="1.0" encoding="UTF-8"?>
<!-- Generated by org.testng.reporters.JUnitXMLReporter -->
<testsuite hostname="DESKTOP-UTV866C" ignored="0" name="ChromeBrowserTest(failed)" tests="1" failures="1" timestamp="2022-05-28T16:03:15 IST" time="10.19" errors="0">
  <testcase name="checkProductIsSelected" time="0.309" classname="com.SauceDemo.TestClasses.TC02CheckProductIsSelectOrNot">
    <failure type="junit.framework.ComparisonFailure" message="expected:&amp;lt;Swag []Labs&amp;gt; but was:&amp;lt;Swag [ ]Labs&amp;gt;">
      <![CDATA[junit.framework.ComparisonFailure: expected:<Swag []Labs> but was:<Swag [ ]Labs>
at junit.framework.Assert.assertEquals(Assert.java:100)
at junit.framework.Assert.assertEquals(Assert.java:107)
at com.SauceDemo.TestClasses.TC02CheckProductIsSelectOrNot.checkProductIsSelected(TC02CheckProductIsSelectOrNot.java:30)
at java.util.concurrent.ThreadPoolExecutor.runWorker(Unknown Source)
at java.util.concurrent.ThreadPoolExecutor$Worker.run(Unknown Source)
at java.lang.Thread.run(Unknown Source)
... Removed 12 stack frames]]>
    </failure>
  </testcase> <!-- checkProductIsSelected -->
</testsuite> <!-- ChromeBrowserTest(failed) -->
